2023-04-12 09:52:23.098  INFO 6120 --- [restartedMain] j.io.qlsvservice.SpringApiApplication    : Starting SpringApiApplication using Java 18.0.2.1 on DESKTOP-171AVQP with PID 6120 (C:\Users\Admin\Desktop\internship\qlsv-service\target\classes started by Admin in C:\Users\Admin\Desktop\internship\qlsv-service)
2023-04-12 09:52:23.109  INFO 6120 --- [restartedMain] j.io.qlsvservice.SpringApiApplication    : No active profile set, falling back to 1 default profile: "default"
2023-04-12 09:52:23.218  INFO 6120 --- [restartedMain] .e.DevToolsPropertyDefaultsPostProcessor : Devtools property defaults active! Set 'spring.devtools.add-properties' to 'false' to disable
2023-04-12 09:52:23.219  INFO 6120 --- [restartedMain] .e.DevToolsPropertyDefaultsPostProcessor : For additional web related logging consider setting the 'logging.level.web' property to 'DEBUG'
2023-04-12 09:52:24.615  INFO 6120 --- [restartedMain] .s.d.r.c.RepositoryConfigurationDelegate : Bootstrapping Spring Data JPA repositories in DEFAULT mode.
2023-04-12 09:52:24.734  INFO 6120 --- [restartedMain] .s.d.r.c.RepositoryConfigurationDelegate : Finished Spring Data repository scanning in 102 ms. Found 6 JPA repository interfaces.
2023-04-12 09:52:26.101  INFO 6120 --- [restartedMain] o.s.b.w.embedded.tomcat.TomcatWebServer  : Tomcat initialized with port(s): 8820 (http)
2023-04-12 09:52:26.119  INFO 6120 --- [restartedMain] o.apache.catalina.core.StandardService   : Starting service [Tomcat]
2023-04-12 09:52:26.120  INFO 6120 --- [restartedMain] org.apache.catalina.core.StandardEngine  : Starting Servlet engine: [Apache Tomcat/9.0.71]
2023-04-12 09:52:26.274  INFO 6120 --- [restartedMain] o.a.c.c.C.[Tomcat].[localhost].[/]       : Initializing Spring embedded WebApplicationContext
2023-04-12 09:52:26.274  INFO 6120 --- [restartedMain] w.s.c.ServletWebServerApplicationContext : Root WebApplicationContext: initialization completed in 3054 ms
2023-04-12 09:52:26.595  INFO 6120 --- [restartedMain] com.zaxxer.hikari.HikariDataSource       : HikariPool-1 - Starting...
2023-04-12 09:52:27.058  INFO 6120 --- [restartedMain] com.zaxxer.hikari.HikariDataSource       : HikariPool-1 - Start completed.
2023-04-12 09:52:27.152  INFO 6120 --- [restartedMain] o.hibernate.jpa.internal.util.LogHelper  : HHH000204: Processing PersistenceUnitInfo [name: default]
2023-04-12 09:52:27.311  INFO 6120 --- [restartedMain] org.hibernate.Version                    : HHH000412: Hibernate ORM core version 5.6.15.Final
2023-04-12 09:52:27.581  INFO 6120 --- [restartedMain] o.hibernate.annotations.common.Version   : HCANN000001: Hibernate Commons Annotations {5.1.2.Final}
2023-04-12 09:52:27.800  INFO 6120 --- [restartedMain] org.hibernate.dialect.Dialect            : HHH000400: Using dialect: org.hibernate.dialect.MySQL8Dialect
2023-04-12 09:52:28.934  INFO 6120 --- [restartedMain] o.h.e.t.j.p.i.JtaPlatformInitiator       : HHH000490: Using JtaPlatform implementation: [org.hibernate.engine.transaction.jta.platform.internal.NoJtaPlatform]
2023-04-12 09:52:28.944  INFO 6120 --- [restartedMain] j.LocalContainerEntityManagerFactoryBean : Initialized JPA EntityManagerFactory for persistence unit 'default'
2023-04-12 09:52:30.445  INFO 6120 --- [restartedMain] o.s.s.web.DefaultSecurityFilterChain     : Will secure any request with [org.springframework.security.web.session.DisableEncodeUrlFilter@7059d27e, org.springframework.security.web.context.request.async.WebAsyncManagerIntegrationFilter@61d762bf, org.springframework.security.web.context.SecurityContextPersistenceFilter@c36433b, org.springframework.security.web.header.HeaderWriterFilter@306a7447, org.springframework.web.filter.CorsFilter@1d282241, org.springframework.security.web.authentication.logout.LogoutFilter@62a81ff5, jmaster.io.qlsvservice.JwtTokenFilter@7b25351f, org.springframework.security.web.savedrequest.RequestCacheAwareFilter@4e213ebf, org.springframework.security.web.servletapi.SecurityContextHolderAwareRequestFilter@680fd04c, org.springframework.security.web.authentication.AnonymousAuthenticationFilter@65f510cc, org.springframework.security.web.session.SessionManagementFilter@12f0869b, org.springframework.security.web.access.ExceptionTranslationFilter@f4b75a7, org.springframework.security.web.access.intercept.FilterSecurityInterceptor@4bf178b]
2023-04-12 09:52:30.697  WARN 6120 --- [restartedMain] JpaBaseConfiguration$JpaWebConfiguration : spring.jpa.open-in-view is enabled by default. Therefore, database queries may be performed during view rendering. Explicitly configure spring.jpa.open-in-view to disable this warning
2023-04-12 09:52:32.107  INFO 6120 --- [restartedMain] o.s.b.d.a.OptionalLiveReloadServer       : LiveReload server is running on port 35729
2023-04-12 09:52:32.185  INFO 6120 --- [restartedMain] o.s.b.w.embedded.tomcat.TomcatWebServer  : Tomcat started on port(s): 8820 (http) with context path ''
2023-04-12 09:52:32.202  INFO 6120 --- [restartedMain] j.io.qlsvservice.SpringApiApplication    : Started SpringApiApplication in 9.737 seconds (JVM running for 10.374)
